<?xml version="1.0" encoding="UTF-8"?>
<testng-results skipped="1" failed="1" ignored="7" total="12" passed="3">
  <reporter-output>
  </reporter-output>
  <suite name="Suite" duration-ms="137" started-at="2022-04-28T09:46:23Z" finished-at="2022-04-28T09:46:23Z">
    <groups>
      <group name="log">
        <method signature="GrupsOfMethods.test01()[pri:0, instance:com.jbk.GrupsOfMethods@6d00a15d]" name="test01" class="com.jbk.GrupsOfMethods"/>
        <method signature="GrupsOfMethods.test02()[pri:0, instance:com.jbk.GrupsOfMethods@6d00a15d]" name="test02" class="com.jbk.GrupsOfMethods"/>
        <method signature="GrupsOfMethods.test03()[pri:0, instance:com.jbk.GrupsOfMethods@6d00a15d]" name="test03" class="com.jbk.GrupsOfMethods"/>
        <method signature="GrupsOfMethods.test04()[pri:0, instance:com.jbk.GrupsOfMethods@6d00a15d]" name="test04" class="com.jbk.GrupsOfMethods"/>
      </group> <!-- log -->
      <group name="unlog">
        <method signature="GrupsOfMethods.test05()[pri:0, instance:com.jbk.GrupsOfMethods@1d057a39]" name="test05" class="com.jbk.GrupsOfMethods"/>
      </group> <!-- unlog -->
    </groups>
    <test name="Test1" duration-ms="71" started-at="2022-04-28T09:46:23Z" finished-at="2022-04-28T09:46:23Z">
      <class name="com.jbk.GrupsOfMethods">
        <test-method status="FAIL" signature="test01()[pri:0, instance:com.jbk.GrupsOfMethods@6d00a15d]" name="test01" duration-ms="13" started-at="2022-04-28T15:16:23Z" finished-at="2022-04-28T15:16:23Z">
          <exception class="java.lang.AssertionError">
            <message>
              <![CDATA[expected [true] but found [false]]]>
            </message>
            <full-stacktrace>
              <![CDATA[java.lang.AssertionError: expected [true] but found [false]at org.testng.Assert.fail(Assert.java:96)at org.testng.Assert.failNotEquals(Assert.java:776)at org.testng.Assert.assertTrue(Assert.java:44)at org.testng.Assert.assertTrue(Assert.java:54)at com.jbk.GrupsOfMethods.test01(GrupsOfMethods.java:13)at sun.reflect.NativeMethodAccessorImpl.invoke0(Native Method)at sun.reflect.NativeMethodAccessorImpl.invoke(Unknown Source)at sun.reflect.DelegatingMethodAccessorImpl.invoke(Unknown Source)at java.lang.reflect.Method.invoke(Unknown Source)at org.testng.internal.MethodInvocationHelper.invokeMethod(MethodInvocationHelper.java:124)at org.testng.internal.Invoker.invokeMethod(Invoker.java:571)at org.testng.internal.Invoker.invokeTestMethod(Invoker.java:707)at org.testng.internal.Invoker.invokeTestMethods(Invoker.java:979)at org.testng.internal.TestMethodWorker.invokeTestMethods(TestMethodWorker.java:125)at org.testng.internal.TestMethodWorker.run(TestMethodWorker.java:109)at org.testng.TestRunner.privateRun(TestRunner.java:648)at org.testng.TestRunner.run(TestRunner.java:505)at org.testng.SuiteRunner.runTest(SuiteRunner.java:455)at org.testng.SuiteRunner.runSequentially(SuiteRunner.java:450)at org.testng.SuiteRunner.privateRun(SuiteRunner.java:415)at org.testng.SuiteRunner.run(SuiteRunner.java:364)at org.testng.SuiteRunnerWorker.runSuite(SuiteRunnerWorker.java:52)at org.testng.SuiteRunnerWorker.run(SuiteRunnerWorker.java:84)at org.testng.TestNG.runSuitesSequentially(TestNG.java:1187)at org.testng.TestNG.runSuitesLocally(TestNG.java:1116)at org.testng.TestNG.runSuites(TestNG.java:1028)at org.testng.TestNG.run(TestNG.java:996)at org.testng.remote.AbstractRemoteTestNG.run(AbstractRemoteTestNG.java:114)at org.testng.remote.RemoteTestNG.initAndRun(RemoteTestNG.java:251)at org.testng.remote.RemoteTestNG.main(RemoteTestNG.java:77)]]>
            </full-stacktrace>
          </exception> <!-- java.lang.AssertionError -->
          <reporter-output>
          </reporter-output>
        </test-method> <!-- test01 -->
        <test-method status="PASS" signature="test02()[pri:0, instance:com.jbk.GrupsOfMethods@6d00a15d]" name="test02" duration-ms="1" started-at="2022-04-28T15:16:23Z" finished-at="2022-04-28T15:16:23Z">
          <reporter-output>
          </reporter-output>
        </test-method> <!-- test02 -->
        <test-method status="SKIP" signature="test03()[pri:0, instance:com.jbk.GrupsOfMethods@6d00a15d]" name="test03" duration-ms="0" started-at="2022-04-28T15:16:23Z" depends-on-methods="com.jbk.GrupsOfMethods.test01" finished-at="2022-04-28T15:16:23Z">
          <exception class="java.lang.Throwable">
            <message>
              <![CDATA[Method GrupsOfMethods.test03()[pri:0, instance:com.jbk.GrupsOfMethods@6d00a15d] depends on not successfully finished methods]]>
            </message>
            <full-stacktrace>
              <![CDATA[java.lang.Throwable: Method GrupsOfMethods.test03()[pri:0, instance:com.jbk.GrupsOfMethods@6d00a15d] depends on not successfully finished methodsat org.testng.internal.Invoker.invokeTestMethods(Invoker.java:878)at org.testng.internal.TestMethodWorker.invokeTestMethods(TestMethodWorker.java:125)at org.testng.internal.TestMethodWorker.run(TestMethodWorker.java:109)at org.testng.TestRunner.privateRun(TestRunner.java:648)at org.testng.TestRunner.run(TestRunner.java:505)at org.testng.SuiteRunner.runTest(SuiteRunner.java:455)at org.testng.SuiteRunner.runSequentially(SuiteRunner.java:450)at org.testng.SuiteRunner.privateRun(SuiteRunner.java:415)at org.testng.SuiteRunner.run(SuiteRunner.java:364)at org.testng.SuiteRunnerWorker.runSuite(SuiteRunnerWorker.java:52)at org.testng.SuiteRunnerWorker.run(SuiteRunnerWorker.java:84)at org.testng.TestNG.runSuitesSequentially(TestNG.java:1187)at org.testng.TestNG.runSuitesLocally(TestNG.java:1116)at org.testng.TestNG.runSuites(TestNG.java:1028)at org.testng.TestNG.run(TestNG.java:996)at org.testng.remote.AbstractRemoteTestNG.run(AbstractRemoteTestNG.java:114)at org.testng.remote.RemoteTestNG.initAndRun(RemoteTestNG.java:251)at org.testng.remote.RemoteTestNG.main(RemoteTestNG.java:77)]]>
            </full-stacktrace>
          </exception> <!-- java.lang.Throwable -->
          <reporter-output>
          </reporter-output>
        </test-method> <!-- test03 -->
        <test-method status="PASS" signature="test04()[pri:0, instance:com.jbk.GrupsOfMethods@6d00a15d]" name="test04" duration-ms="3" started-at="2022-04-28T15:16:23Z" depends-on-methods="com.jbk.GrupsOfMethods.test01" finished-at="2022-04-28T15:16:23Z">
          <reporter-output>
          </reporter-output>
        </test-method> <!-- test04 -->
      </class> <!-- com.jbk.GrupsOfMethods -->
    </test> <!-- Test1 -->
    <test name="Test2" duration-ms="5" started-at="2022-04-28T09:46:23Z" finished-at="2022-04-28T09:46:23Z">
      <class name="com.jbk.GrupsOfMethods">
        <test-method status="PASS" signature="test05()[pri:0, instance:com.jbk.GrupsOfMethods@1d057a39]" name="test05" duration-ms="1" started-at="2022-04-28T15:16:23Z" finished-at="2022-04-28T15:16:23Z">
          <reporter-output>
          </reporter-output>
        </test-method> <!-- test05 -->
      </class> <!-- com.jbk.GrupsOfMethods -->
    </test> <!-- Test2 -->
  </suite> <!-- Suite -->
</testng-results>
