<?xml version="1.0" encoding="UTF-8"?>
<!-- Generated by org.testng.reporters.JUnitXMLReporter -->
<testsuite hostname="LAPTOP-QNPV151A" ignored="2" name="Test1" tests="4" failures="1" timestamp="28 Apr 2022 09:46:23 GMT" time="0.071" errors="0">
  <testcase name="test01" time="0.013" classname="com.jbk.GrupsOfMethods">
    <failure type="java.lang.AssertionError" message="expected [true] but found [false]">
      <![CDATA[java.lang.AssertionError: expected [true] but found [false]at com.jbk.GrupsOfMethods.test01(GrupsOfMethods.java:13)... Removed 29 stack frames]]>
    </failure>
  </testcase> <!-- test01 -->
  <testcase name="test02" time="0.001" classname="com.jbk.GrupsOfMethods"/>
  <testcase name="test03" time="0.0" classname="com.jbk.GrupsOfMethods">
    <skipped/>
  </testcase> <!-- test03 -->
  <testcase name="test04" time="0.003" classname="com.jbk.GrupsOfMethods"/>
  <testcase name="test06" time="0.0" classname="com.jbk.GrupsOfMethods">
    <ignored/>
  </testcase> <!-- test06 -->
  <testcase name="test05" time="0.0" classname="com.jbk.GrupsOfMethods">
    <ignored/>
  </testcase> <!-- test05 -->
</testsuite> <!-- Test1 -->
